 
****************************************
Report : timing
        -path full
        -delay max
        -derate
        -input_pins
        -nets
        -slack_lesser_than 0.0000
        -max_paths 10000
        -transition_time
        -crosstalk_delta
        -capacitance
Design : top
Version: Q-2019.12-SP3
Date   : Sun Apr  6 23:48:31 2025
****************************************

Operating Conditions: ss0p95vn40c   Library: saed32hvt_ss0p95vn40c
Wire Load Model Mode: enclosed
No paths.

1
